<?xml version="1.0" encoding="UTF-8"?>
<testsuite xmlns:xsi="http://www.w3.org/2001/XMLSchema-instance" xsi:noNamespaceSchemaLocation="https://maven.apache.org/surefire/maven-surefire-plugin/xsd/surefire-test-report.xsd" version="3.0.2" name="com.taskmaster.taskmaster_backend.TaskmasterBackendApplicationTests" time="9.167" tests="1" errors="0" skipped="0" failures="0">
  <properties>
[...]
</properties>
  <testcase name="contextLoads" classname="com.taskmaster.taskmaster_backend.TaskmasterBackendApplicationTests" time="0.756">
    <system-out><![CDATA[16:06:39.524 [main] INFO org.springframework.test.context.support.AnnotationConfigContextLoaderUtils -- Could not detect default configuration classes for test class [com.taskmaster.taskmaster_backend.TaskmasterBackendApplicationTests]: TaskmasterBackendApplicationTests does not declare any static, non-private, non-final, nested classes annotated with @Configuration.
16:06:39.704 [main] INFO org.springframework.boot.test.context.SpringBootTestContextBootstrapper -- Found @SpringBootConfiguration com.taskmaster.taskmaster_backend.TaskmasterBackendApplication for test class com.taskmaster.taskmaster_backend.TaskmasterBackendApplicationTests
16:06:39.926 [main] INFO org.springframework.boot.devtools.restart.RestartApplicationListener -- Restart disabled due to context in which it is running

  .   ____          _            __ _ _
 /\\ / ___'_ __ _ _(_)_ __  __ _ \ \ \ \
( ( )\___ | '_ | '_| | '_ \/ _` | \ \ \ \
 \\/  ___)| |_)| | | | | || (_| |  ) ) ) )
  '  |____| .__|_| |_|_| |_\__, | / / / /
 =========|_|==============|___/=/_/_/_/

 :: Spring Boot ::                (v3.4.1)

2025-01-30T16:06:40.285+02:00  INFO 40915 --- [           main] c.t.t.TaskmasterBackendApplicationTests  : Starting TaskmasterBackendApplicationTests using Java 23.0.2 with PID 40915 (started by larisaioana in /Users/larisaioana/Documents/Larisa_fac/IS/taskmaster-backend)
2025-01-30T16:06:40.287+02:00  INFO 40915 --- [           main] c.t.t.TaskmasterBackendApplicationTests  : No active profile set, falling back to 1 default profile: "default"
2025-01-30T16:06:41.697+02:00  INFO 40915 --- [           main] .s.d.r.c.RepositoryConfigurationDelegate : Bootstrapping Spring Data JPA repositories in DEFAULT mode.
2025-01-30T16:06:41.766+02:00  INFO 40915 --- [           main] .s.d.r.c.RepositoryConfigurationDelegate : Finished Spring Data repository scanning in 55 ms. Found 2 JPA repository interfaces.
2025-01-30T16:06:42.670+02:00  INFO 40915 --- [           main] o.hibernate.jpa.internal.util.LogHelper  : HHH000204: Processing PersistenceUnitInfo [name: default]
2025-01-30T16:06:42.784+02:00  INFO 40915 --- [           main] org.hibernate.Version                    : HHH000412: Hibernate ORM core version 6.6.4.Final
2025-01-30T16:06:42.844+02:00  INFO 40915 --- [           main] o.h.c.internal.RegionFactoryInitiator    : HHH000026: Second-level cache disabled
2025-01-30T16:06:43.292+02:00  INFO 40915 --- [           main] o.s.o.j.p.SpringPersistenceUnitInfo      : No LoadTimeWeaver setup: ignoring JPA class transformer
2025-01-30T16:06:43.340+02:00  INFO 40915 --- [           main] com.zaxxer.hikari.HikariDataSource       : HikariPool-1 - Starting...
2025-01-30T16:06:43.506+02:00  INFO 40915 --- [           main] com.zaxxer.hikari.pool.HikariPool        : HikariPool-1 - Added connection org.mariadb.jdbc.Connection@707f4647
2025-01-30T16:06:43.508+02:00  INFO 40915 --- [           main] com.zaxxer.hikari.HikariDataSource       : HikariPool-1 - Start completed.
2025-01-30T16:06:43.557+02:00  WARN 40915 --- [           main] org.hibernate.orm.deprecation            : HHH90000025: MariaDBDialect does not need to be specified explicitly using 'hibernate.dialect' (remove the property setting and it will be selected by default)
2025-01-30T16:06:43.584+02:00  INFO 40915 --- [           main] org.hibernate.orm.connections.pooling    : HHH10001005: Database info:
	Database JDBC URL [Connecting through datasource 'HikariDataSource (HikariPool-1)']
	Database driver: undefined/unknown
	Database version: 10.4.28
	Autocommit mode: undefined/unknown
	Isolation level: undefined/unknown
	Minimum pool size: undefined/unknown
	Maximum pool size: undefined/unknown
2025-01-30T16:06:44.842+02:00  INFO 40915 --- [           main] o.h.e.t.j.p.i.JtaPlatformInitiator       : HHH000489: No JTA platform available (set 'hibernate.transaction.jta.platform' to enable JTA platform integration)
2025-01-30T16:06:44.917+02:00  INFO 40915 --- [           main] j.LocalContainerEntityManagerFactoryBean : Initialized JPA EntityManagerFactory for persistence unit 'default'
2025-01-30T16:06:45.553+02:00  WARN 40915 --- [           main] JpaBaseConfiguration$JpaWebConfiguration : spring.jpa.open-in-view is enabled by default. Therefore, database queries may be performed during view rendering. Explicitly configure spring.jpa.open-in-view to disable this warning
2025-01-30T16:06:45.644+02:00  WARN 40915 --- [           main] .s.s.UserDetailsServiceAutoConfiguration : 

Using generated security password: 0988269f-4cf2-4ff9-bcfb-0b1933fa4623

This generated password is for development use only. Your security configuration must be updated before running your application in production.

2025-01-30T16:06:45.680+02:00  INFO 40915 --- [           main] r$InitializeUserDetailsManagerConfigurer : Global AuthenticationManager configured with UserDetailsService bean with name inMemoryUserDetailsManager
2025-01-30T16:06:47.251+02:00  INFO 40915 --- [           main] o.s.b.a.e.web.EndpointLinksResolver      : Exposing 14 endpoints beneath base path '/actuator'
2025-01-30T16:06:47.473+02:00  INFO 40915 --- [           main] c.t.t.TaskmasterBackendApplicationTests  : Started TaskmasterBackendApplicationTests in 7.565 seconds (process running for 9.172)
Context loaded successfully!
]]></system-out>
    <system-err><![CDATA[Mockito is currently self-attaching to enable the inline-mock-maker. This will no longer work in future releases of the JDK. Please add Mockito as an agent to your build what is described in Mockito's documentation: https://javadoc.io/doc/org.mockito/mockito-core/latest/org/mockito/Mockito.html#0.3
WARNING: A Java agent has been loaded dynamically (/Users/larisaioana/.m2/repository/net/bytebuddy/byte-buddy-agent/1.15.11/byte-buddy-agent-1.15.11.jar)
WARNING: If a serviceability tool is in use, please run with -XX:+EnableDynamicAgentLoading to hide this warning
WARNING: If a serviceability tool is not in use, please run with -Djdk.instrument.traceUsage for more information
WARNING: Dynamic loading of agents will be disallowed by default in a future release
]]></system-err>
  </testcase>
</testsuite>